<?xml version="1.0" encoding="UTF-8"?>
<!-- Generated by org.testng.reporters.JUnitReportReporter -->
<testsuite hostname="ITINCNH-DW0017" failures="0" tests="5" name="com.hcl.ikea.testCases.TC_RecoveryAdminComponentReplenishment_004" time="-1644821248.000" errors="1" timestamp="2022-02-13T22:46:46 GMT-08:00" skipped="4">
  <testcase classname="com.hcl.ikea.testCases.TC_RecoveryAdminComponentReplenishment_004" name="verifySpclCharacterInTextBoxpStockForNon0Stock" time="0.000">
    <skipped/>
  </testcase> <!-- verifySpclCharacterInTextBoxpStockForNon0Stock -->
  <system-out/>
  <testcase classname="com.hcl.ikea.testCases.TC_RecoveryAdminComponentReplenishment_004" name="verifyAlphabatesSpecialCharacterInTextBoxpStockForNon0Stock" time="0.000">
    <skipped/>
  </testcase> <!-- verifyAlphabatesSpecialCharacterInTextBoxpStockForNon0Stock -->
  <system-out/>
  <testcase classname="com.hcl.ikea.testCases.TC_RecoveryAdminComponentReplenishment_004" name="verifyMax3digitInTextBoxpStockForNon0Stock" time="0.000">
    <skipped/>
  </testcase> <!-- verifyMax3digitInTextBoxpStockForNon0Stock -->
  <system-out/>
  <testcase classname="com.hcl.ikea.testCases.TC_RecoveryAdminComponentReplenishment_004" name="upStockForNon0Stock" time="0.000">
    <skipped/>
  </testcase> <!-- upStockForNon0Stock -->
  <system-out/>
  <testcase classname="com.hcl.ikea.testCases.TC_RecoveryAdminComponentReplenishment_004" name="setUp" time="-1644821248.000">
    <error message="
Parameter &#039;browser&#039; is required by BeforeTest on method setUp but has not been marked @Optional or defined
in C:\Users\sojha\AppData\Local\Temp\testng-eclipse-1056720627\testng-customsuite.xml" type="org.testng.TestNGException">
      <![CDATA[org.testng.TestNGException: 
Parameter 'browser' is required by BeforeTest on method setUp but has not been marked @Optional or defined
in C:\Users\sojha\AppData\Local\Temp\testng-eclipse-1056720627\testng-customsuite.xml
at org.testng.internal.Parameters.createParams(Parameters.java:270)
at org.testng.internal.Parameters.createParametersForMethod(Parameters.java:358)
at org.testng.internal.Parameters.createParameters(Parameters.java:700)
at org.testng.internal.Parameters.createConfigurationParameters(Parameters.java:168)
at org.testng.internal.ConfigInvoker.invokeConfigurations(ConfigInvoker.java:302)
at org.testng.TestRunner.invokeTestConfigurations(TestRunner.java:637)
at org.testng.TestRunner.beforeRun(TestRunner.java:627)
at org.testng.TestRunner.run(TestRunner.java:589)
at org.testng.SuiteRunner.runTest(SuiteRunner.java:377)
at org.testng.SuiteRunner.runSequentially(SuiteRunner.java:371)
at org.testng.SuiteRunner.privateRun(SuiteRunner.java:332)
at org.testng.SuiteRunner.run(SuiteRunner.java:276)
at org.testng.SuiteRunnerWorker.runSuite(SuiteRunnerWorker.java:53)
at org.testng.SuiteRunnerWorker.run(SuiteRunnerWorker.java:96)
at org.testng.TestNG.runSuitesSequentially(TestNG.java:1212)
at org.testng.TestNG.runSuitesLocally(TestNG.java:1134)
at org.testng.TestNG.runSuites(TestNG.java:1063)
at org.testng.TestNG.run(TestNG.java:1031)
at org.testng.remote.AbstractRemoteTestNG.run(AbstractRemoteTestNG.java:115)
at org.testng.remote.RemoteTestNG.initAndRun(RemoteTestNG.java:251)
at org.testng.remote.RemoteTestNG.main(RemoteTestNG.java:77)
]]>
    </error>
  </testcase> <!-- setUp -->
  <system-out/>
</testsuite> <!-- com.hcl.ikea.testCases.TC_RecoveryAdminComponentReplenishment_004 -->
